# JRE version: OpenJDK Runtime Environment (7.0_51) (build 1.7.0_51-b00)
# Java VM: OpenJDK 64-Bit Server VM (24.45-b08 mixed mode linux-amd64 compressed oops)
Heap
 PSYoungGen      total 131584K, used 119394K [0x00000000f5500000, 0x0000000100000000, 0x0000000100000000)
  eden space 101376K, 88% used [0x00000000f5500000,0x00000000fac1f738,0x00000000fb800000)
  from space 30208K, 99% used [0x00000000fe280000,0x00000000ffff9438,0x0000000100000000)
  to   space 36864K, 0% used [0x00000000fb800000,0x00000000fb800000,0x00000000fdc00000)
 ParOldGen       total 81920K, used 50654K [0x00000000e0000000, 0x00000000e5000000, 0x00000000f5500000)
  object space 81920K, 61% used [0x00000000e0000000,0x00000000e3177a80,0x00000000e5000000)
 PSPermGen       total 27648K, used 23833K [0x00000000d5a00000, 0x00000000d7500000, 0x00000000e0000000)
  object space 27648K, 86% used [0x00000000d5a00000,0x00000000d7146610,0x00000000d7500000)
GC Heap History (10 events):
Event: 3.369 GC heap before
{Heap before GC invocations=5 (full 0):
 PSYoungGen      total 67584K, used 67568K [0x00000000f5500000, 0x00000000f9c00000, 0x0000000100000000)
  eden space 62464K, 100% used [0x00000000f5500000,0x00000000f9200000,0x00000000f9200000)
  from space 5120K, 99% used [0x00000000f9700000,0x00000000f9bfc050,0x00000000f9c00000)
  to   space 5120K, 0% used [0x00000000f9200000,0x00000000f9200000,0x00000000f9700000)
 ParOldGen       total 81920K, used 37344K [0x00000000e0000000, 0x00000000e5000000, 0x00000000f5500000)
  object space 81920K, 45% used [0x00000000e0000000,0x00000000e2478300,0x00000000e5000000)
 PSPermGen       total 21504K, used 13069K [0x00000000d5a00000, 0x00000000d6f00000, 0x00000000e0000000)
  object space 21504K, 60% used [0x00000000d5a00000,0x00000000d66c3780,0x00000000d6f00000)
Event: 3.388 GC heap after
Heap after GC invocations=5 (full 0):
 PSYoungGen      total 67584K, used 5088K [0x00000000f5500000, 0x0000000100000000, 0x0000000100000000)
  eden space 62464K, 0% used [0x00000000f5500000,0x00000000f5500000,0x00000000f9200000)
  from space 5120K, 99% used [0x00000000f9200000,0x00000000f96f8050,0x00000000f9700000)
  to   space 26624K, 0% used [0x00000000fe600000,0x00000000fe600000,0x0000000100000000)
 ParOldGen       total 81920K, used 57008K [0x00000000e0000000, 0x00000000e5000000, 0x00000000f5500000)
  object space 81920K, 69% used [0x00000000e0000000,0x00000000e37ac168,0x00000000e5000000)
 PSPermGen       total 21504K, used 13069K [0x00000000d5a00000, 0x00000000d6f00000, 0x00000000e0000000)
  object space 21504K, 60% used [0x00000000d5a00000,0x00000000d66c3780,0x00000000d6f00000)
}
Event: 3.572 GC heap before
{Heap before GC invocations=6 (full 0):
 PSYoungGen      total 67584K, used 7165K [0x00000000f5500000, 0x0000000100000000, 0x0000000100000000)
  eden space 62464K, 3% used [0x00000000f5500000,0x00000000f5707640,0x00000000f9200000)
  from space 5120K, 99% used [0x00000000f9200000,0x00000000f96f8050,0x00000000f9700000)
  to   space 26624K, 0% used [0x00000000fe600000,0x00000000fe600000,0x0000000100000000)
 ParOldGen       total 81920K, used 57008K [0x00000000e0000000, 0x00000000e5000000, 0x00000000f5500000)
  object space 81920K, 69% used [0x00000000e0000000,0x00000000e37ac168,0x00000000e5000000)
 PSPermGen       total 21504K, used 13721K [0x00000000d5a00000, 0x00000000d6f00000, 0x00000000e0000000)
  object space 21504K, 63% used [0x00000000d5a00000,0x00000000d6766778,0x00000000d6f00000)
Event: 3.582 GC heap after
Heap after GC invocations=6 (full 0):
 PSYoungGen      total 146432K, used 5432K [0x00000000f5500000, 0x0000000100000000, 0x0000000100000000)
  eden space 119808K, 0% used [0x00000000f5500000,0x00000000f5500000,0x00000000fca00000)
  from space 26624K, 20% used [0x00000000fe600000,0x00000000feb4e0b8,0x0000000100000000)
  to   space 27648K, 0% used [0x00000000fca00000,0x00000000fca00000,0x00000000fe500000)
 ParOldGen       total 81920K, used 57008K [0x00000000e0000000, 0x00000000e5000000, 0x00000000f5500000)
  object space 81920K, 69% used [0x00000000e0000000,0x00000000e37ac168,0x00000000e5000000)
 PSPermGen       total 21504K, used 13721K [0x00000000d5a00000, 0x00000000d6f00000, 0x00000000e0000000)
  object space 21504K, 63% used [0x00000000d5a00000,0x00000000d6766778,0x00000000d6f00000)
}
Event: 3.582 GC heap before
{Heap before GC invocations=7 (full 1):
 PSYoungGen      total 146432K, used 5432K [0x00000000f5500000, 0x0000000100000000, 0x0000000100000000)
  eden space 119808K, 0% used [0x00000000f5500000,0x00000000f5500000,0x00000000fca00000)
  from space 26624K, 20% used [0x00000000fe600000,0x00000000feb4e0b8,0x0000000100000000)
  to   space 27648K, 0% used [0x00000000fca00000,0x00000000fca00000,0x00000000fe500000)
 ParOldGen       total 81920K, used 57008K [0x00000000e0000000, 0x00000000e5000000, 0x00000000f5500000)
  object space 81920K, 69% used [0x00000000e0000000,0x00000000e37ac168,0x00000000e5000000)
 PSPermGen       total 21504K, used 13721K [0x00000000d5a00000, 0x00000000d6f00000, 0x00000000e0000000)
  object space 21504K, 63% used [0x00000000d5a00000,0x00000000d6766778,0x00000000d6f00000)
Event: 3.726 GC heap after
Heap after GC invocations=7 (full 1):
 PSYoungGen      total 146432K, used 0K [0x00000000f5500000, 0x0000000100000000, 0x0000000100000000)
  eden space 119808K, 0% used [0x00000000f5500000,0x00000000f5500000,0x00000000fca00000)
  from space 26624K, 0% used [0x00000000fe600000,0x00000000fe600000,0x0000000100000000)
  to   space 27648K, 0% used [0x00000000fca00000,0x00000000fca00000,0x00000000fe500000)
 ParOldGen       total 81920K, used 48135K [0x00000000e0000000, 0x00000000e5000000, 0x00000000f5500000)
  object space 81920K, 58% used [0x00000000e0000000,0x00000000e2f01f88,0x00000000e5000000)
 PSPermGen       total 27648K, used 13714K [0x00000000d5a00000, 0x00000000d7500000, 0x00000000e0000000)
  object space 27648K, 49% used [0x00000000d5a00000,0x00000000d6764a50,0x00000000d7500000)
}
Event: 65.888 GC heap before
{Heap before GC invocations=8 (full 1):
 PSYoungGen      total 146432K, used 119808K [0x00000000f5500000, 0x0000000100000000, 0x0000000100000000)
  eden space 119808K, 100% used [0x00000000f5500000,0x00000000fca00000,0x00000000fca00000)
  from space 26624K, 0% used [0x00000000fe600000,0x00000000fe600000,0x0000000100000000)
  to   space 27648K, 0% used [0x00000000fca00000,0x00000000fca00000,0x00000000fe500000)
 ParOldGen       total 81920K, used 48135K [0x00000000e0000000, 0x00000000e5000000, 0x00000000f5500000)
  object space 81920K, 58% used [0x00000000e0000000,0x00000000e2f01f88,0x00000000e5000000)
 PSPermGen       total 27648K, used 19909K [0x00000000d5a00000, 0x00000000d7500000, 0x00000000e0000000)
  object space 27648K, 72% used [0x00000000d5a00000,0x00000000d6d71738,0x00000000d7500000)
Event: 65.907 GC heap after
Heap after GC invocations=8 (full 1):
 PSYoungGen      total 144896K, used 25026K [0x00000000f5500000, 0x0000000100000000, 0x0000000100000000)
  eden space 119808K, 0% used [0x00000000f5500000,0x00000000f5500000,0x00000000fca00000)
  from space 25088K, 99% used [0x00000000fca00000,0x00000000fe2708f8,0x00000000fe280000)
  to   space 30208K, 0% used [0x00000000fe280000,0x00000000fe280000,0x0000000100000000)
 ParOldGen       total 81920K, used 48135K [0x00000000e0000000, 0x00000000e5000000, 0x00000000f5500000)
  object space 81920K, 58% used [0x00000000e0000000,0x00000000e2f01f88,0x00000000e5000000)
 PSPermGen       total 27648K, used 19909K [0x00000000d5a00000, 0x00000000d7500000, 0x00000000e0000000)
  object space 27648K, 72% used [0x00000000d5a00000,0x00000000d6d71738,0x00000000d7500000)
}
Event: 66.723 GC heap before
{Heap before GC invocations=9 (full 1):
 PSYoungGen      total 144896K, used 144834K [0x00000000f5500000, 0x0000000100000000, 0x0000000100000000)
  eden space 119808K, 100% used [0x00000000f5500000,0x00000000fca00000,0x00000000fca00000)
  from space 25088K, 99% used [0x00000000fca00000,0x00000000fe2708f8,0x00000000fe280000)
  to   space 30208K, 0% used [0x00000000fe280000,0x00000000fe280000,0x0000000100000000)
 ParOldGen       total 81920K, used 48135K [0x00000000e0000000, 0x00000000e5000000, 0x00000000f5500000)
  object space 81920K, 58% used [0x00000000e0000000,0x00000000e2f01f88,0x00000000e5000000)
 PSPermGen       total 27648K, used 22007K [0x00000000d5a00000, 0x00000000d7500000, 0x00000000e0000000)
  object space 27648K, 79% used [0x00000000d5a00000,0x00000000d6f7de18,0x00000000d7500000)
Event: 66.744 GC heap after
Heap after GC invocations=9 (full 1):
 PSYoungGen      total 131584K, used 30181K [0x00000000f5500000, 0x0000000100000000, 0x0000000100000000)
  eden space 101376K, 0% used [0x00000000f5500000,0x00000000f5500000,0x00000000fb800000)
  from space 30208K, 99% used [0x00000000fe280000,0x00000000ffff9438,0x0000000100000000)
  to   space 36864K, 0% used [0x00000000fb800000,0x00000000fb800000,0x00000000fdc00000)
 ParOldGen       total 81920K, used 50654K [0x00000000e0000000, 0x00000000e5000000, 0x00000000f5500000)
  object space 81920K, 61% used [0x00000000e0000000,0x00000000e3177a80,0x00000000e5000000)
 PSPermGen       total 27648K, used 22007K [0x00000000d5a00000, 0x00000000d7500000, 0x00000000e0000000)
  object space 27648K, 79% used [0x00000000d5a00000,0x00000000d6f7de18,0x00000000d7500000)
}

